1 - general processing like in the videos
  - first training data with one round
  - car drives in right circles

2 - added pixel normalization Lambda
  - decreased epochs to 5 for a better loss
  - loss: 0.4239

3 - implemented LeNet from traffic sign classifier project in Keras and adapted to
    the use as a learning network for automomous driving
  - increased epochs to 10, it's too much but validation loss is at 0.0033
  --> changed back to 4 --> val_loss 0.0011

4 - Augmentation of data by flipping, still bad on driving despite good loss ???

5 - Implemented usage of left and right image + steering measurment correction
    factor of 0.2
  - val_loss = 0.003
  - better, not one full round, but first turns are taken slooowly but right :-D

6 - cropping not important parts from the image to eliminate sky, trees, mountains, car hood
  - val_loss 0.0229....what!?

7 - implemented NVIDIA CNN for automomous driving
  - 10 epochs
  - val_loss 0.0075, loss decreasing, val loss stagnation --> overfitting
  - first full round!!!! :-D

8 - two more rounds left, two round right, some revover training data left
  - val_loss 0.0419, loss 0.0037 -- massively overfitting
  - baaad driving

9 - added dropout layers with 0.5 after each FC layers
  - val_loss 0.03x --> loss 0.01...no good driving

10 - fixed bug...

2019-04-13 10:50:07.876727: I tensorflow/stream_executor/dso_loader.cc:152] successfully opened CUDA library libcublas.so.10.1 locally
174/174 [==============================] - 90s 515ms/step - loss: 0.0480 - acc: 0.1078 - val_loss: 0.0357 - val_acc: 0.1139
Epoch 2/30
174/174 [==============================] - 88s 505ms/step - loss: 0.0408 - acc: 0.1086 - val_loss: 0.0353 - val_acc: 0.1139
Epoch 3/30
174/174 [==============================] - 88s 507ms/step - loss: 0.0384 - acc: 0.1082 - val_loss: 0.0340 - val_acc: 0.1138
Epoch 4/30
174/174 [==============================] - 88s 507ms/step - loss: 0.0378 - acc: 0.1082 - val_loss: 0.0329 - val_acc: 0.1139
Epoch 5/30
174/174 [==============================] - 89s 509ms/step - loss: 0.0369 - acc: 0.1090 - val_loss: 0.0337 - val_acc: 0.1139
Epoch 6/30
174/174 [==============================] - 88s 508ms/step - loss: 0.0370 - acc: 0.1082 - val_loss: 0.0335 - val_acc: 0.1139
Epoch 7/30
174/174 [==============================] - 88s 508ms/step - loss: 0.0363 - acc: 0.1077 - val_loss: 0.0324 - val_acc: 0.1139
Epoch 8/30
174/174 [==============================] - 88s 503ms/step - loss: 0.0353 - acc: 0.1086 - val_loss: 0.0321 - val_acc: 0.1139
Epoch 9/30
174/174 [==============================] - 88s 505ms/step - loss: 0.0347 - acc: 0.1086 - val_loss: 0.0326 - val_acc: 0.1138
Epoch 10/30
174/174 [==============================] - 89s 510ms/step - loss: 0.0347 - acc: 0.1078 - val_loss: 0.0319 - val_acc: 0.1139
Epoch 11/30
174/174 [==============================] - 87s 503ms/step - loss: 0.0343 - acc: 0.1086 - val_loss: 0.0317 - val_acc: 0.1139
Epoch 12/30
174/174 [==============================] - 89s 509ms/step - loss: 0.0340 - acc: 0.1082 - val_loss: 0.0312 - val_acc: 0.1139
Epoch 13/30
174/174 [==============================] - 89s 509ms/step - loss: 0.0336 - acc: 0.1083 - val_loss: 0.0311 - val_acc: 0.1139
Epoch 14/30
174/174 [==============================] - 88s 505ms/step - loss: 0.0331 - acc: 0.1086 - val_loss: 0.0313 - val_acc: 0.1139
Epoch 15/30
174/174 [==============================] - 89s 510ms/step - loss: 0.0332 - acc: 0.1082 - val_loss: 0.0308 - val_acc: 0.1139
Epoch 16/30
174/174 [==============================] - 89s 510ms/step - loss: 0.0331 - acc: 0.1078 - val_loss: 0.0304 - val_acc: 0.1139
Epoch 17/30
174/174 [==============================] - 88s 509ms/step - loss: 0.0328 - acc: 0.1087 - val_loss: 0.0303 - val_acc: 0.1139
Epoch 18/30
174/174 [==============================] - 88s 506ms/step - loss: 0.0323 - acc: 0.1087 - val_loss: 0.0309 - val_acc: 0.1139
Epoch 19/30
174/174 [==============================] - 89s 509ms/step - loss: 0.0325 - acc: 0.1083 - val_loss: 0.0307 - val_acc: 0.1139
Epoch 20/30
174/174 [==============================] - 88s 506ms/step - loss: 0.0318 - acc: 0.1082 - val_loss: 0.0297 - val_acc: 0.1139
Epoch 21/30
174/174 [==============================] - 88s 506ms/step - loss: 0.0312 - acc: 0.1078 - val_loss: 0.0302 - val_acc: 0.1139
Epoch 22/30
174/174 [==============================] - 89s 511ms/step - loss: 0.0310 - acc: 0.1078 - val_loss: 0.0305 - val_acc: 0.1139
Epoch 23/30
174/174 [==============================] - 89s 511ms/step - loss: 0.0304 - acc: 0.1083 - val_loss: 0.0303 - val_acc: 0.1139
Epoch 24/30
174/174 [==============================] - 88s 508ms/step - loss: 0.0306 - acc: 0.1079 - val_loss: 0.0295 - val_acc: 0.1139
Epoch 25/30
174/174 [==============================] - 89s 512ms/step - loss: 0.0299 - acc: 0.1083 - val_loss: 0.0293 - val_acc: 0.1139
Epoch 26/30
174/174 [==============================] - 92s 530ms/step - loss: 0.0294 - acc: 0.1092 - val_loss: 0.0285 - val_acc: 0.1139
Epoch 27/30
174/174 [==============================] - 103s 590ms/step - loss: 0.0293 - acc: 0.1083 - val_loss: 0.0287 - val_acc: 0.1139
Epoch 28/30
174/174 [==============================] - 102s 586ms/step - loss: 0.0291 - acc: 0.1083 - val_loss: 0.0284 - val_acc: 0.1139
Epoch 29/30
174/174 [==============================] - 103s 589ms/step - loss: 0.0287 - acc: 0.1083 - val_loss: 0.0282 - val_acc: 0.1139
Epoch 30/30
174/174 [==============================] - 109s 628ms/step - loss: 0.0285 - acc: 0.1088 - val_loss: 0.0292 - val_acc: 0.1139

----> 1 time out of road, 
